# ELBREAD: Elaboration process.
# ELBREAD: Elaboration time 0.0 [s].
asim -O5 +access +r +m+tb tb tb
# ELBREAD: Elaboration process.
# ELBREAD: Elaboration time 0.0 [s].
# asim: Stack memory: 32MB
# asim: Retval memory: 32MB
# KERNEL: Main thread initiated.
# KERNEL: Kernel process initialization phase.
# KERNEL: Time resolution set to 1ps.
# ELAB2: Elaboration final pass...
# ELAB2: Create instances ...
# ELAB2: Create instances complete.
# SLP: Started
# SLP: Elaboration phase ...
# SLP: Elaboration phase ... skipped, nothing to simulate in SLP mode : 0.0 [s]
# SLP: Finished : 0.0 [s]
# ELAB2: Elaboration final pass complete - time: 0.0 [s].
# KERNEL: Kernel process initialization done.
# Allocation: Simulator allocated 6239 kB (elbread=1026 elab2=5114 kernel=97 sdf=0)
# KERNEL: ASDB file was created in location C:\Users\Amin\Desktop\calculator2\src\wave.asdb
#  8:22 PM, Wednesday, January 31, 2018
#  Simulation has been initialized
#  Selected Top-Level: tb (tb)
# 4 signal(s) traced.
# Waveform file 'untitled.awc' connected to 'C:/Users/Amin/Desktop/calculator2/src/wave.asdb'.
run @100ns
# EXECUTION:: NOTE   : state is rst
# EXECUTION:: Time: 0 ps,  Iteration: 0,  Instance: /tb/dataP/stateMachine,  Process: line__53.
# KERNEL: WARNING: There is an 'U'|'X'|'W'|'Z'|'-' in an arithmetic operand, the result will be 'X'(es).
# KERNEL: Time: 0 ps,  Iteration: 0,  Instance: /tb/dataP/mulModule,  Process: line__16.
# EXECUTION:: NOTE   : state is rst
# EXECUTION:: Time: 0 ps,  Iteration: 1,  Instance: /tb/dataP/stateMachine,  Process: line__53.
# EXECUTION:: NOTE   : state is rst
# EXECUTION:: Time: 10 ns,  Iteration: 1,  Instance: /tb/dataP/stateMachine,  Process: line__53.
# EXECUTION:: NOTE   : integer value is 2
# EXECUTION:: Time: 20 ns,  Iteration: 1,  Instance: /tb/dataP/it,  Process: line__18.
# EXECUTION:: NOTE   : state is rst
# EXECUTION:: Time: 20 ns,  Iteration: 1,  Instance: /tb/dataP/stateMachine,  Process: line__53.
# KERNEL: WARNING: There is an 'U'|'X'|'W'|'Z'|'-' in an arithmetic operand, the result will be 'X'(es).
# KERNEL: Time: 20 ns,  Iteration: 1,  Instance: /tb/dataP/stateMachine,  Process: line__53.
# EXECUTION:: NOTE   : state is rst
# EXECUTION:: Time: 30 ns,  Iteration: 1,  Instance: /tb/dataP/stateMachine,  Process: line__53.
# EXECUTION:: NOTE   : integer value is 1
# EXECUTION:: Time: 40 ns,  Iteration: 1,  Instance: /tb/dataP/it,  Process: line__18.
# EXECUTION:: NOTE   : state is rst
# EXECUTION:: Time: 40 ns,  Iteration: 1,  Instance: /tb/dataP/stateMachine,  Process: line__53.
# EXECUTION:: NOTE   : state is oprand1
# EXECUTION:: Time: 50 ns,  Iteration: 1,  Instance: /tb/dataP/stateMachine,  Process: line__53.
# EXECUTION:: NOTE   : integer value is 1
# EXECUTION:: Time: 60 ns,  Iteration: 1,  Instance: /tb/dataP/it,  Process: line__18.
# EXECUTION:: NOTE   : state is oprand1
# EXECUTION:: Time: 60 ns,  Iteration: 1,  Instance: /tb/dataP/stateMachine,  Process: line__53.
# EXECUTION:: NOTE   : data is 211
# EXECUTION:: Time: 60 ns,  Iteration: 1,  Instance: /tb/dataP/stateMachine,  Process: line__53.
# EXECUTION:: NOTE   : state is oprand1
# EXECUTION:: Time: 70 ns,  Iteration: 1,  Instance: /tb/dataP/stateMachine,  Process: line__53.
# EXECUTION:: NOTE   : integer value is 5
# EXECUTION:: Time: 80 ns,  Iteration: 1,  Instance: /tb/dataP/it,  Process: line__18.
# EXECUTION:: NOTE   : state is oprand1
# EXECUTION:: Time: 80 ns,  Iteration: 1,  Instance: /tb/dataP/stateMachine,  Process: line__53.
# EXECUTION:: NOTE   : data is 2111
# EXECUTION:: Time: 80 ns,  Iteration: 1,  Instance: /tb/dataP/stateMachine,  Process: line__53.
# EXECUTION:: NOTE   : state is oprand1
# EXECUTION:: Time: 90 ns,  Iteration: 1,  Instance: /tb/dataP/stateMachine,  Process: line__53.
# EXECUTION:: NOTE   : integer value is 11
# EXECUTION:: Time: 100 ns,  Iteration: 1,  Instance: /tb/dataP/it,  Process: line__18.
# EXECUTION:: NOTE   : state is oprand1
# EXECUTION:: Time: 100 ns,  Iteration: 1,  Instance: /tb/dataP/stateMachine,  Process: line__53.
# EXECUTION:: NOTE   : data is 21155
# EXECUTION:: Time: 100 ns,  Iteration: 1,  Instance: /tb/dataP/stateMachine,  Process: line__53.
# KERNEL: stopped at time: 100 ns
# 17 signal(s) traced.
run @200ns
# EXECUTION:: NOTE   : state is oprand1
# EXECUTION:: Time: 110 ns,  Iteration: 1,  Instance: /tb/dataP/stateMachine,  Process: line__53.
# EXECUTION:: NOTE   : integer value is 3
# EXECUTION:: Time: 120 ns,  Iteration: 1,  Instance: /tb/dataP/it,  Process: line__18.
# EXECUTION:: NOTE   : state is oprand1
# EXECUTION:: Time: 120 ns,  Iteration: 1,  Instance: /tb/dataP/stateMachine,  Process: line__53.
# EXECUTION:: NOTE   : instructionCode 3
# EXECUTION:: Time: 120 ns,  Iteration: 1,  Instance: /tb/dataP/stateMachine,  Process: line__53.
# EXECUTION:: NOTE   : opSelect 24
# EXECUTION:: Time: 120 ns,  Iteration: 1,  Instance: /tb/dataP/stateMachine,  Process: line__53.
# EXECUTION:: NOTE   : state is oprator
# EXECUTION:: Time: 130 ns,  Iteration: 1,  Instance: /tb/dataP/stateMachine,  Process: line__53.
# EXECUTION:: NOTE   : integer value is 4
# EXECUTION:: Time: 140 ns,  Iteration: 1,  Instance: /tb/dataP/it,  Process: line__18.
# EXECUTION:: NOTE   : state is oprator
# EXECUTION:: Time: 140 ns,  Iteration: 1,  Instance: /tb/dataP/stateMachine,  Process: line__53.
# EXECUTION:: NOTE   : state is oprand2
# EXECUTION:: Time: 150 ns,  Iteration: 1,  Instance: /tb/dataP/stateMachine,  Process: line__53.
# EXECUTION:: NOTE   : integer value is 14
# EXECUTION:: Time: 160 ns,  Iteration: 1,  Instance: /tb/dataP/it,  Process: line__18.
# EXECUTION:: NOTE   : state is oprand2
# EXECUTION:: Time: 160 ns,  Iteration: 1,  Instance: /tb/dataP/stateMachine,  Process: line__53.
# EXECUTION:: NOTE   : state is oprand2
# EXECUTION:: Time: 170 ns,  Iteration: 1,  Instance: /tb/dataP/stateMachine,  Process: line__53.
# EXECUTION:: NOTE   : integer value is 14
# EXECUTION:: Time: 180 ns,  Iteration: 1,  Instance: /tb/dataP/it,  Process: line__18.
# EXECUTION:: NOTE   : state is oprand2
# EXECUTION:: Time: 180 ns,  Iteration: 1,  Instance: /tb/dataP/stateMachine,  Process: line__53.
# EXECUTION:: NOTE   : state is result
# EXECUTION:: Time: 190 ns,  Iteration: 1,  Instance: /tb/dataP/stateMachine,  Process: line__53.
# EXECUTION:: NOTE   : integer value is 14
# EXECUTION:: Time: 200 ns,  Iteration: 1,  Instance: /tb/dataP/it,  Process: line__18.
# EXECUTION:: NOTE   : state is result
# EXECUTION:: Time: 200 ns,  Iteration: 1,  Instance: /tb/dataP/stateMachine,  Process: line__53.
# KERNEL: stopped at time: 200 ns
endsim
#  Simulation has been stopped
asim -O5 +access +r +m+tb tb tb
# ELBREAD: Elaboration process.
# ELBREAD: Elaboration time 0.0 [s].
# asim: Stack memory: 32MB
# asim: Retval memory: 32MB
# KERNEL: Main thread initiated.
# KERNEL: Kernel process initialization phase.
# KERNEL: Time resolution set to 1ps.
# ELAB2: Elaboration final pass...
# ELAB2: Create instances ...
# ELAB2: Create instances complete.
# SLP: Started
# SLP: Elaboration phase ...
# SLP: Elaboration phase ... skipped, nothing to simulate in SLP mode : 0.0 [s]
# SLP: Finished : 0.0 [s]
# ELAB2: Elaboration final pass complete - time: 0.0 [s].
# KERNEL: Kernel process initialization done.
# Allocation: Simulator allocated 6239 kB (elbread=1026 elab2=5114 kernel=97 sdf=0)
# KERNEL: ASDB file was created in location C:\Users\Amin\Desktop\calculator2\src\wave.asdb
#  8:25 PM, Wednesday, January 31, 2018
#  Simulation has been initialized
#  Selected Top-Level: tb (tb)
# Waveform file 'untitled.awc' connected to 'C:/Users/Amin/Desktop/calculator2/src/wave.asdb'.
# 17 signal(s) traced.
# 4 signal(s) traced.
run @500ns
# EXECUTION:: NOTE   : state is rst
# EXECUTION:: Time: 0 ps,  Iteration: 0,  Instance: /tb/dataP/stateMachine,  Process: line__53.
# KERNEL: WARNING: There is an 'U'|'X'|'W'|'Z'|'-' in an arithmetic operand, the result will be 'X'(es).
# KERNEL: Time: 0 ps,  Iteration: 0,  Instance: /tb/dataP/mulModule,  Process: line__16.
# EXECUTION:: NOTE   : state is rst
# EXECUTION:: Time: 0 ps,  Iteration: 1,  Instance: /tb/dataP/stateMachine,  Process: line__53.
# EXECUTION:: NOTE   : state is rst
# EXECUTION:: Time: 10 ns,  Iteration: 1,  Instance: /tb/dataP/stateMachine,  Process: line__53.
# EXECUTION:: NOTE   : integer value is 2
# EXECUTION:: Time: 20 ns,  Iteration: 1,  Instance: /tb/dataP/it,  Process: line__18.
# EXECUTION:: NOTE   : state is rst
# EXECUTION:: Time: 20 ns,  Iteration: 1,  Instance: /tb/dataP/stateMachine,  Process: line__53.
# KERNEL: WARNING: There is an 'U'|'X'|'W'|'Z'|'-' in an arithmetic operand, the result will be 'X'(es).
# KERNEL: Time: 20 ns,  Iteration: 1,  Instance: /tb/dataP/stateMachine,  Process: line__53.
# EXECUTION:: NOTE   : state is rst
# EXECUTION:: Time: 30 ns,  Iteration: 1,  Instance: /tb/dataP/stateMachine,  Process: line__53.
# EXECUTION:: NOTE   : integer value is 1
# EXECUTION:: Time: 40 ns,  Iteration: 1,  Instance: /tb/dataP/it,  Process: line__18.
# EXECUTION:: NOTE   : state is rst
# EXECUTION:: Time: 40 ns,  Iteration: 1,  Instance: /tb/dataP/stateMachine,  Process: line__53.
# EXECUTION:: NOTE   : state is oprand1
# EXECUTION:: Time: 50 ns,  Iteration: 1,  Instance: /tb/dataP/stateMachine,  Process: line__53.
# EXECUTION:: NOTE   : integer value is 1
# EXECUTION:: Time: 60 ns,  Iteration: 1,  Instance: /tb/dataP/it,  Process: line__18.
# EXECUTION:: NOTE   : state is oprand1
# EXECUTION:: Time: 60 ns,  Iteration: 1,  Instance: /tb/dataP/stateMachine,  Process: line__53.
# EXECUTION:: NOTE   : data is 211
# EXECUTION:: Time: 60 ns,  Iteration: 1,  Instance: /tb/dataP/stateMachine,  Process: line__53.
# EXECUTION:: NOTE   : state is oprand1
# EXECUTION:: Time: 70 ns,  Iteration: 1,  Instance: /tb/dataP/stateMachine,  Process: line__53.
# EXECUTION:: NOTE   : integer value is 5
# EXECUTION:: Time: 80 ns,  Iteration: 1,  Instance: /tb/dataP/it,  Process: line__18.
# EXECUTION:: NOTE   : state is oprand1
# EXECUTION:: Time: 80 ns,  Iteration: 1,  Instance: /tb/dataP/stateMachine,  Process: line__53.
# EXECUTION:: NOTE   : data is 2111
# EXECUTION:: Time: 80 ns,  Iteration: 1,  Instance: /tb/dataP/stateMachine,  Process: line__53.
# EXECUTION:: NOTE   : state is oprand1
# EXECUTION:: Time: 90 ns,  Iteration: 1,  Instance: /tb/dataP/stateMachine,  Process: line__53.
# EXECUTION:: NOTE   : integer value is 11
# EXECUTION:: Time: 100 ns,  Iteration: 1,  Instance: /tb/dataP/it,  Process: line__18.
# EXECUTION:: NOTE   : state is oprand1
# EXECUTION:: Time: 100 ns,  Iteration: 1,  Instance: /tb/dataP/stateMachine,  Process: line__53.
# EXECUTION:: NOTE   : data is 21155
# EXECUTION:: Time: 100 ns,  Iteration: 1,  Instance: /tb/dataP/stateMachine,  Process: line__53.
# EXECUTION:: NOTE   : state is oprand1
# EXECUTION:: Time: 110 ns,  Iteration: 1,  Instance: /tb/dataP/stateMachine,  Process: line__53.
# EXECUTION:: NOTE   : integer value is 3
# EXECUTION:: Time: 120 ns,  Iteration: 1,  Instance: /tb/dataP/it,  Process: line__18.
# EXECUTION:: NOTE   : state is oprand1
# EXECUTION:: Time: 120 ns,  Iteration: 1,  Instance: /tb/dataP/stateMachine,  Process: line__53.
# EXECUTION:: NOTE   : instructionCode 3
# EXECUTION:: Time: 120 ns,  Iteration: 1,  Instance: /tb/dataP/stateMachine,  Process: line__53.
# EXECUTION:: NOTE   : opSelect 24
# EXECUTION:: Time: 120 ns,  Iteration: 1,  Instance: /tb/dataP/stateMachine,  Process: line__53.
# EXECUTION:: NOTE   : state is oprator
# EXECUTION:: Time: 130 ns,  Iteration: 1,  Instance: /tb/dataP/stateMachine,  Process: line__53.
# EXECUTION:: NOTE   : integer value is 4
# EXECUTION:: Time: 140 ns,  Iteration: 1,  Instance: /tb/dataP/it,  Process: line__18.
# EXECUTION:: NOTE   : state is oprator
# EXECUTION:: Time: 140 ns,  Iteration: 1,  Instance: /tb/dataP/stateMachine,  Process: line__53.
# EXECUTION:: NOTE   : state is oprand2
# EXECUTION:: Time: 150 ns,  Iteration: 1,  Instance: /tb/dataP/stateMachine,  Process: line__53.
# EXECUTION:: NOTE   : integer value is 14
# EXECUTION:: Time: 160 ns,  Iteration: 1,  Instance: /tb/dataP/it,  Process: line__18.
# EXECUTION:: NOTE   : state is oprand2
# EXECUTION:: Time: 160 ns,  Iteration: 1,  Instance: /tb/dataP/stateMachine,  Process: line__53.
# EXECUTION:: NOTE   : state is oprand2
# EXECUTION:: Time: 170 ns,  Iteration: 1,  Instance: /tb/dataP/stateMachine,  Process: line__53.
# EXECUTION:: NOTE   : integer value is 14
# EXECUTION:: Time: 180 ns,  Iteration: 1,  Instance: /tb/dataP/it,  Process: line__18.
# EXECUTION:: NOTE   : state is oprand2
# EXECUTION:: Time: 180 ns,  Iteration: 1,  Instance: /tb/dataP/stateMachine,  Process: line__53.
# EXECUTION:: NOTE   : state is result
# EXECUTION:: Time: 190 ns,  Iteration: 1,  Instance: /tb/dataP/stateMachine,  Process: line__53.
# EXECUTION:: NOTE   : integer value is 14
# EXECUTION:: Time: 200 ns,  Iteration: 1,  Instance: /tb/dataP/it,  Process: line__18.
# EXECUTION:: NOTE   : state is result
# EXECUTION:: Time: 200 ns,  Iteration: 1,  Instance: /tb/dataP/stateMachine,  Process: line__53.
# EXECUTION:: NOTE   : state is result
# EXECUTION:: Time: 210 ns,  Iteration: 1,  Instance: /tb/dataP/stateMachine,  Process: line__53.
# EXECUTION:: NOTE   : integer value is 14
# EXECUTION:: Time: 220 ns,  Iteration: 1,  Instance: /tb/dataP/it,  Process: line__18.
# EXECUTION:: NOTE   : state is result
# EXECUTION:: Time: 220 ns,  Iteration: 1,  Instance: /tb/dataP/stateMachine,  Process: line__53.
# EXECUTION:: NOTE   : state is result
# EXECUTION:: Time: 230 ns,  Iteration: 1,  Instance: /tb/dataP/stateMachine,  Process: line__53.
# EXECUTION:: NOTE   : integer value is 14
# EXECUTION:: Time: 240 ns,  Iteration: 1,  Instance: /tb/dataP/it,  Process: line__18.
# EXECUTION:: NOTE   : state is result
# EXECUTION:: Time: 240 ns,  Iteration: 1,  Instance: /tb/dataP/stateMachine,  Process: line__53.
# EXECUTION:: NOTE   : state is result
# EXECUTION:: Time: 250 ns,  Iteration: 1,  Instance: /tb/dataP/stateMachine,  Process: line__53.
# EXECUTION:: NOTE   : integer value is 14
# EXECUTION:: Time: 260 ns,  Iteration: 1,  Instance: /tb/dataP/it,  Process: line__18.
# EXECUTION:: NOTE   : state is result
# EXECUTION:: Time: 260 ns,  Iteration: 1,  Instance: /tb/dataP/stateMachine,  Process: line__53.
# EXECUTION:: NOTE   : state is result
# EXECUTION:: Time: 270 ns,  Iteration: 1,  Instance: /tb/dataP/stateMachine,  Process: line__53.
# EXECUTION:: NOTE   : integer value is 14
# EXECUTION:: Time: 280 ns,  Iteration: 1,  Instance: /tb/dataP/it,  Process: line__18.
# EXECUTION:: NOTE   : state is result
# EXECUTION:: Time: 280 ns,  Iteration: 1,  Instance: /tb/dataP/stateMachine,  Process: line__53.
# EXECUTION:: NOTE   : state is result
# EXECUTION:: Time: 290 ns,  Iteration: 1,  Instance: /tb/dataP/stateMachine,  Process: line__53.
# EXECUTION:: NOTE   : integer value is 14
# EXECUTION:: Time: 300 ns,  Iteration: 1,  Instance: /tb/dataP/it,  Process: line__18.
# EXECUTION:: NOTE   : state is result
# EXECUTION:: Time: 300 ns,  Iteration: 1,  Instance: /tb/dataP/stateMachine,  Process: line__53.
# EXECUTION:: NOTE   : state is result
# EXECUTION:: Time: 310 ns,  Iteration: 1,  Instance: /tb/dataP/stateMachine,  Process: line__53.
# EXECUTION:: NOTE   : integer value is 14
# EXECUTION:: Time: 320 ns,  Iteration: 1,  Instance: /tb/dataP/it,  Process: line__18.
# EXECUTION:: NOTE   : state is result
# EXECUTION:: Time: 320 ns,  Iteration: 1,  Instance: /tb/dataP/stateMachine,  Process: line__53.
# EXECUTION:: NOTE   : state is result
# EXECUTION:: Time: 330 ns,  Iteration: 1,  Instance: /tb/dataP/stateMachine,  Process: line__53.
# EXECUTION:: NOTE   : integer value is 14
# EXECUTION:: Time: 340 ns,  Iteration: 1,  Instance: /tb/dataP/it,  Process: line__18.
# EXECUTION:: NOTE   : state is result
# EXECUTION:: Time: 340 ns,  Iteration: 1,  Instance: /tb/dataP/stateMachine,  Process: line__53.
# EXECUTION:: NOTE   : state is result
# EXECUTION:: Time: 350 ns,  Iteration: 1,  Instance: /tb/dataP/stateMachine,  Process: line__53.
# EXECUTION:: NOTE   : integer value is 14
# EXECUTION:: Time: 360 ns,  Iteration: 1,  Instance: /tb/dataP/it,  Process: line__18.
# EXECUTION:: NOTE   : state is result
# EXECUTION:: Time: 360 ns,  Iteration: 1,  Instance: /tb/dataP/stateMachine,  Process: line__53.
# EXECUTION:: NOTE   : state is result
# EXECUTION:: Time: 370 ns,  Iteration: 1,  Instance: /tb/dataP/stateMachine,  Process: line__53.
# EXECUTION:: NOTE   : integer value is 14
# EXECUTION:: Time: 380 ns,  Iteration: 1,  Instance: /tb/dataP/it,  Process: line__18.
# EXECUTION:: NOTE   : state is result
# EXECUTION:: Time: 380 ns,  Iteration: 1,  Instance: /tb/dataP/stateMachine,  Process: line__53.
# EXECUTION:: NOTE   : state is result
# EXECUTION:: Time: 390 ns,  Iteration: 1,  Instance: /tb/dataP/stateMachine,  Process: line__53.
# EXECUTION:: NOTE   : integer value is 14
# EXECUTION:: Time: 400 ns,  Iteration: 1,  Instance: /tb/dataP/it,  Process: line__18.
# EXECUTION:: NOTE   : state is result
# EXECUTION:: Time: 400 ns,  Iteration: 1,  Instance: /tb/dataP/stateMachine,  Process: line__53.
# EXECUTION:: NOTE   : state is result
# EXECUTION:: Time: 410 ns,  Iteration: 1,  Instance: /tb/dataP/stateMachine,  Process: line__53.
# EXECUTION:: NOTE   : integer value is 14
# EXECUTION:: Time: 420 ns,  Iteration: 1,  Instance: /tb/dataP/it,  Process: line__18.
# EXECUTION:: NOTE   : state is result
# EXECUTION:: Time: 420 ns,  Iteration: 1,  Instance: /tb/dataP/stateMachine,  Process: line__53.
# EXECUTION:: NOTE   : state is result
# EXECUTION:: Time: 430 ns,  Iteration: 1,  Instance: /tb/dataP/stateMachine,  Process: line__53.
# EXECUTION:: NOTE   : integer value is 14
# EXECUTION:: Time: 440 ns,  Iteration: 1,  Instance: /tb/dataP/it,  Process: line__18.
# EXECUTION:: NOTE   : state is result
# EXECUTION:: Time: 440 ns,  Iteration: 1,  Instance: /tb/dataP/stateMachine,  Process: line__53.
# EXECUTION:: NOTE   : state is result
# EXECUTION:: Time: 450 ns,  Iteration: 1,  Instance: /tb/dataP/stateMachine,  Process: line__53.
# EXECUTION:: NOTE   : integer value is 14
# EXECUTION:: Time: 460 ns,  Iteration: 1,  Instance: /tb/dataP/it,  Process: line__18.
# EXECUTION:: NOTE   : state is result
# EXECUTION:: Time: 460 ns,  Iteration: 1,  Instance: /tb/dataP/stateMachine,  Process: line__53.
# EXECUTION:: NOTE   : state is result
# EXECUTION:: Time: 470 ns,  Iteration: 1,  Instance: /tb/dataP/stateMachine,  Process: line__53.
# EXECUTION:: NOTE   : integer value is 14
# EXECUTION:: Time: 480 ns,  Iteration: 1,  Instance: /tb/dataP/it,  Process: line__18.
# EXECUTION:: NOTE   : state is result
# EXECUTION:: Time: 480 ns,  Iteration: 1,  Instance: /tb/dataP/stateMachine,  Process: line__53.
# EXECUTION:: NOTE   : state is result
# EXECUTION:: Time: 490 ns,  Iteration: 1,  Instance: /tb/dataP/stateMachine,  Process: line__53.
# EXECUTION:: NOTE   : integer value is 14
# EXECUTION:: Time: 500 ns,  Iteration: 1,  Instance: /tb/dataP/it,  Process: line__18.
# EXECUTION:: NOTE   : state is result
# EXECUTION:: Time: 500 ns,  Iteration: 1,  Instance: /tb/dataP/stateMachine,  Process: line__53.
# KERNEL: stopped at time: 500 ns
run @600ns
# EXECUTION:: NOTE   : state is result
# EXECUTION:: Time: 510 ns,  Iteration: 1,  Instance: /tb/dataP/stateMachine,  Process: line__53.
# EXECUTION:: NOTE   : integer value is 14
# EXECUTION:: Time: 520 ns,  Iteration: 1,  Instance: /tb/dataP/it,  Process: line__18.
# EXECUTION:: NOTE   : state is result
# EXECUTION:: Time: 520 ns,  Iteration: 1,  Instance: /tb/dataP/stateMachine,  Process: line__53.
# EXECUTION:: NOTE   : state is result
# EXECUTION:: Time: 530 ns,  Iteration: 1,  Instance: /tb/dataP/stateMachine,  Process: line__53.
# EXECUTION:: NOTE   : integer value is 14
# EXECUTION:: Time: 540 ns,  Iteration: 1,  Instance: /tb/dataP/it,  Process: line__18.
# EXECUTION:: NOTE   : state is result
# EXECUTION:: Time: 540 ns,  Iteration: 1,  Instance: /tb/dataP/stateMachine,  Process: line__53.
# EXECUTION:: NOTE   : state is result
# EXECUTION:: Time: 550 ns,  Iteration: 1,  Instance: /tb/dataP/stateMachine,  Process: line__53.
# EXECUTION:: NOTE   : integer value is 14
# EXECUTION:: Time: 560 ns,  Iteration: 1,  Instance: /tb/dataP/it,  Process: line__18.
# EXECUTION:: NOTE   : state is result
# EXECUTION:: Time: 560 ns,  Iteration: 1,  Instance: /tb/dataP/stateMachine,  Process: line__53.
# EXECUTION:: NOTE   : state is result
# EXECUTION:: Time: 570 ns,  Iteration: 1,  Instance: /tb/dataP/stateMachine,  Process: line__53.
# EXECUTION:: NOTE   : integer value is 14
# EXECUTION:: Time: 580 ns,  Iteration: 1,  Instance: /tb/dataP/it,  Process: line__18.
# EXECUTION:: NOTE   : state is result
# EXECUTION:: Time: 580 ns,  Iteration: 1,  Instance: /tb/dataP/stateMachine,  Process: line__53.
# EXECUTION:: NOTE   : state is result
# EXECUTION:: Time: 590 ns,  Iteration: 1,  Instance: /tb/dataP/stateMachine,  Process: line__53.
# EXECUTION:: NOTE   : integer value is 14
# EXECUTION:: Time: 600 ns,  Iteration: 1,  Instance: /tb/dataP/it,  Process: line__18.
# EXECUTION:: NOTE   : state is result
# EXECUTION:: Time: 600 ns,  Iteration: 1,  Instance: /tb/dataP/stateMachine,  Process: line__53.
# KERNEL: stopped at time: 600 ns
run @700ns
# EXECUTION:: NOTE   : state is result
# EXECUTION:: Time: 610 ns,  Iteration: 1,  Instance: /tb/dataP/stateMachine,  Process: line__53.
# EXECUTION:: NOTE   : integer value is 14
# EXECUTION:: Time: 620 ns,  Iteration: 1,  Instance: /tb/dataP/it,  Process: line__18.
# EXECUTION:: NOTE   : state is result
# EXECUTION:: Time: 620 ns,  Iteration: 1,  Instance: /tb/dataP/stateMachine,  Process: line__53.
# EXECUTION:: NOTE   : state is result
# EXECUTION:: Time: 630 ns,  Iteration: 1,  Instance: /tb/dataP/stateMachine,  Process: line__53.
# EXECUTION:: NOTE   : integer value is 14
# EXECUTION:: Time: 640 ns,  Iteration: 1,  Instance: /tb/dataP/it,  Process: line__18.
# EXECUTION:: NOTE   : state is result
# EXECUTION:: Time: 640 ns,  Iteration: 1,  Instance: /tb/dataP/stateMachine,  Process: line__53.
# EXECUTION:: NOTE   : state is result
# EXECUTION:: Time: 650 ns,  Iteration: 1,  Instance: /tb/dataP/stateMachine,  Process: line__53.
# EXECUTION:: NOTE   : integer value is 14
# EXECUTION:: Time: 660 ns,  Iteration: 1,  Instance: /tb/dataP/it,  Process: line__18.
# EXECUTION:: NOTE   : state is result
# EXECUTION:: Time: 660 ns,  Iteration: 1,  Instance: /tb/dataP/stateMachine,  Process: line__53.
# EXECUTION:: NOTE   : state is result
# EXECUTION:: Time: 670 ns,  Iteration: 1,  Instance: /tb/dataP/stateMachine,  Process: line__53.
# EXECUTION:: NOTE   : integer value is 14
# EXECUTION:: Time: 680 ns,  Iteration: 1,  Instance: /tb/dataP/it,  Process: line__18.
# EXECUTION:: NOTE   : state is result
# EXECUTION:: Time: 680 ns,  Iteration: 1,  Instance: /tb/dataP/stateMachine,  Process: line__53.
# EXECUTION:: NOTE   : state is result
# EXECUTION:: Time: 690 ns,  Iteration: 1,  Instance: /tb/dataP/stateMachine,  Process: line__53.
# EXECUTION:: NOTE   : integer value is 14
# EXECUTION:: Time: 700 ns,  Iteration: 1,  Instance: /tb/dataP/it,  Process: line__18.
# EXECUTION:: NOTE   : state is result
# EXECUTION:: Time: 700 ns,  Iteration: 1,  Instance: /tb/dataP/stateMachine,  Process: line__53.
# KERNEL: stopped at time: 700 ns
run @800ns
# EXECUTION:: NOTE   : state is result
# EXECUTION:: Time: 710 ns,  Iteration: 1,  Instance: /tb/dataP/stateMachine,  Process: line__53.
# EXECUTION:: NOTE   : integer value is 14
# EXECUTION:: Time: 720 ns,  Iteration: 1,  Instance: /tb/dataP/it,  Process: line__18.
# EXECUTION:: NOTE   : state is result
# EXECUTION:: Time: 720 ns,  Iteration: 1,  Instance: /tb/dataP/stateMachine,  Process: line__53.
# EXECUTION:: NOTE   : state is result
# EXECUTION:: Time: 730 ns,  Iteration: 1,  Instance: /tb/dataP/stateMachine,  Process: line__53.
# EXECUTION:: NOTE   : integer value is 14
# EXECUTION:: Time: 740 ns,  Iteration: 1,  Instance: /tb/dataP/it,  Process: line__18.
# EXECUTION:: NOTE   : state is result
# EXECUTION:: Time: 740 ns,  Iteration: 1,  Instance: /tb/dataP/stateMachine,  Process: line__53.
# EXECUTION:: NOTE   : state is result
# EXECUTION:: Time: 750 ns,  Iteration: 1,  Instance: /tb/dataP/stateMachine,  Process: line__53.
# EXECUTION:: NOTE   : integer value is 14
# EXECUTION:: Time: 760 ns,  Iteration: 1,  Instance: /tb/dataP/it,  Process: line__18.
# EXECUTION:: NOTE   : state is result
# EXECUTION:: Time: 760 ns,  Iteration: 1,  Instance: /tb/dataP/stateMachine,  Process: line__53.
# EXECUTION:: NOTE   : state is result
# EXECUTION:: Time: 770 ns,  Iteration: 1,  Instance: /tb/dataP/stateMachine,  Process: line__53.
# EXECUTION:: NOTE   : integer value is 14
# EXECUTION:: Time: 780 ns,  Iteration: 1,  Instance: /tb/dataP/it,  Process: line__18.
# EXECUTION:: NOTE   : state is result
# EXECUTION:: Time: 780 ns,  Iteration: 1,  Instance: /tb/dataP/stateMachine,  Process: line__53.
# EXECUTION:: NOTE   : state is result
# EXECUTION:: Time: 790 ns,  Iteration: 1,  Instance: /tb/dataP/stateMachine,  Process: line__53.
# EXECUTION:: NOTE   : integer value is 14
# EXECUTION:: Time: 800 ns,  Iteration: 1,  Instance: /tb/dataP/it,  Process: line__18.
# EXECUTION:: NOTE   : state is result
# EXECUTION:: Time: 800 ns,  Iteration: 1,  Instance: /tb/dataP/stateMachine,  Process: line__53.
# KERNEL: stopped at time: 800 ns
run @900ns
# EXECUTION:: NOTE   : state is result
# EXECUTION:: Time: 810 ns,  Iteration: 1,  Instance: /tb/dataP/stateMachine,  Process: line__53.
# EXECUTION:: NOTE   : integer value is 14
# EXECUTION:: Time: 820 ns,  Iteration: 1,  Instance: /tb/dataP/it,  Process: line__18.
# EXECUTION:: NOTE   : state is result
# EXECUTION:: Time: 820 ns,  Iteration: 1,  Instance: /tb/dataP/stateMachine,  Process: line__53.
# EXECUTION:: NOTE   : state is result
# EXECUTION:: Time: 830 ns,  Iteration: 1,  Instance: /tb/dataP/stateMachine,  Process: line__53.
# EXECUTION:: NOTE   : integer value is 14
# EXECUTION:: Time: 840 ns,  Iteration: 1,  Instance: /tb/dataP/it,  Process: line__18.
# EXECUTION:: NOTE   : state is result
# EXECUTION:: Time: 840 ns,  Iteration: 1,  Instance: /tb/dataP/stateMachine,  Process: line__53.
# EXECUTION:: NOTE   : state is result
# EXECUTION:: Time: 850 ns,  Iteration: 1,  Instance: /tb/dataP/stateMachine,  Process: line__53.
# EXECUTION:: NOTE   : integer value is 14
# EXECUTION:: Time: 860 ns,  Iteration: 1,  Instance: /tb/dataP/it,  Process: line__18.
# EXECUTION:: NOTE   : state is result
# EXECUTION:: Time: 860 ns,  Iteration: 1,  Instance: /tb/dataP/stateMachine,  Process: line__53.
# EXECUTION:: NOTE   : state is result
# EXECUTION:: Time: 870 ns,  Iteration: 1,  Instance: /tb/dataP/stateMachine,  Process: line__53.
# EXECUTION:: NOTE   : integer value is 14
# EXECUTION:: Time: 880 ns,  Iteration: 1,  Instance: /tb/dataP/it,  Process: line__18.
# EXECUTION:: NOTE   : state is result
# EXECUTION:: Time: 880 ns,  Iteration: 1,  Instance: /tb/dataP/stateMachine,  Process: line__53.
# EXECUTION:: NOTE   : state is result
# EXECUTION:: Time: 890 ns,  Iteration: 1,  Instance: /tb/dataP/stateMachine,  Process: line__53.
# EXECUTION:: NOTE   : integer value is 14
# EXECUTION:: Time: 900 ns,  Iteration: 1,  Instance: /tb/dataP/it,  Process: line__18.
# EXECUTION:: NOTE   : state is result
# EXECUTION:: Time: 900 ns,  Iteration: 1,  Instance: /tb/dataP/stateMachine,  Process: line__53.
# KERNEL: stopped at time: 900 ns
endsim
#  Simulation has been stopped
asim -O5 +access +r +m+tb tb tb
# ELBREAD: Elaboration process.
# ELBREAD: Elaboration time 0.0 [s].
# asim: Stack memory: 32MB
# asim: Retval memory: 32MB
# KERNEL: Main thread initiated.
# KERNEL: Kernel process initialization phase.
# KERNEL: Time resolution set to 1ps.
# ELAB2: Elaboration final pass...
# ELAB2: Create instances ...
# ELAB2: Create instances complete.
# SLP: Started
# SLP: Elaboration phase ...
# SLP: Elaboration phase ... skipped, nothing to simulate in SLP mode : 0.0 [s]
# SLP: Finished : 0.0 [s]
# ELAB2: Elaboration final pass complete - time: 0.0 [s].
# KERNEL: Kernel process initialization done.
# Allocation: Simulator allocated 6239 kB (elbread=1026 elab2=5114 kernel=97 sdf=0)
# KERNEL: ASDB file was created in location C:\Users\Amin\Desktop\calculator2\src\wave.asdb
#  8:26 PM, Wednesday, January 31, 2018
#  Simulation has been initialized
#  Selected Top-Level: tb (tb)
# Waveform file 'untitled.awc' connected to 'C:/Users/Amin/Desktop/calculator2/src/wave.asdb'.
# 4 signal(s) traced.
# 17 signal(s) traced.
run @100ns
# EXECUTION:: NOTE   : state is rst
# EXECUTION:: Time: 0 ps,  Iteration: 0,  Instance: /tb/dataP/stateMachine,  Process: line__53.
# KERNEL: WARNING: There is an 'U'|'X'|'W'|'Z'|'-' in an arithmetic operand, the result will be 'X'(es).
# KERNEL: Time: 0 ps,  Iteration: 0,  Instance: /tb/dataP/mulModule,  Process: line__16.
# EXECUTION:: NOTE   : state is rst
# EXECUTION:: Time: 0 ps,  Iteration: 1,  Instance: /tb/dataP/stateMachine,  Process: line__53.
# EXECUTION:: NOTE   : state is rst
# EXECUTION:: Time: 10 ns,  Iteration: 1,  Instance: /tb/dataP/stateMachine,  Process: line__53.
# EXECUTION:: NOTE   : integer value is 2
# EXECUTION:: Time: 20 ns,  Iteration: 1,  Instance: /tb/dataP/it,  Process: line__18.
# EXECUTION:: NOTE   : state is rst
# EXECUTION:: Time: 20 ns,  Iteration: 1,  Instance: /tb/dataP/stateMachine,  Process: line__53.
# KERNEL: WARNING: There is an 'U'|'X'|'W'|'Z'|'-' in an arithmetic operand, the result will be 'X'(es).
# KERNEL: Time: 20 ns,  Iteration: 1,  Instance: /tb/dataP/stateMachine,  Process: line__53.
# EXECUTION:: NOTE   : state is rst
# EXECUTION:: Time: 30 ns,  Iteration: 1,  Instance: /tb/dataP/stateMachine,  Process: line__53.
# EXECUTION:: NOTE   : integer value is 1
# EXECUTION:: Time: 40 ns,  Iteration: 1,  Instance: /tb/dataP/it,  Process: line__18.
# EXECUTION:: NOTE   : state is rst
# EXECUTION:: Time: 40 ns,  Iteration: 1,  Instance: /tb/dataP/stateMachine,  Process: line__53.
# EXECUTION:: NOTE   : state is oprand1
# EXECUTION:: Time: 50 ns,  Iteration: 1,  Instance: /tb/dataP/stateMachine,  Process: line__53.
# EXECUTION:: NOTE   : integer value is 1
# EXECUTION:: Time: 60 ns,  Iteration: 1,  Instance: /tb/dataP/it,  Process: line__18.
# EXECUTION:: NOTE   : state is oprand1
# EXECUTION:: Time: 60 ns,  Iteration: 1,  Instance: /tb/dataP/stateMachine,  Process: line__53.
# EXECUTION:: NOTE   : data is 211
# EXECUTION:: Time: 60 ns,  Iteration: 1,  Instance: /tb/dataP/stateMachine,  Process: line__53.
# EXECUTION:: NOTE   : state is oprand1
# EXECUTION:: Time: 70 ns,  Iteration: 1,  Instance: /tb/dataP/stateMachine,  Process: line__53.
# EXECUTION:: NOTE   : integer value is 5
# EXECUTION:: Time: 80 ns,  Iteration: 1,  Instance: /tb/dataP/it,  Process: line__18.
# EXECUTION:: NOTE   : state is oprand1
# EXECUTION:: Time: 80 ns,  Iteration: 1,  Instance: /tb/dataP/stateMachine,  Process: line__53.
# EXECUTION:: NOTE   : data is 2111
# EXECUTION:: Time: 80 ns,  Iteration: 1,  Instance: /tb/dataP/stateMachine,  Process: line__53.
# EXECUTION:: NOTE   : state is oprand1
# EXECUTION:: Time: 90 ns,  Iteration: 1,  Instance: /tb/dataP/stateMachine,  Process: line__53.
# EXECUTION:: NOTE   : integer value is 11
# EXECUTION:: Time: 100 ns,  Iteration: 1,  Instance: /tb/dataP/it,  Process: line__18.
# EXECUTION:: NOTE   : state is oprand1
# EXECUTION:: Time: 100 ns,  Iteration: 1,  Instance: /tb/dataP/stateMachine,  Process: line__53.
# EXECUTION:: NOTE   : data is 21155
# EXECUTION:: Time: 100 ns,  Iteration: 1,  Instance: /tb/dataP/stateMachine,  Process: line__53.
# KERNEL: stopped at time: 100 ns
run @200ns
# EXECUTION:: NOTE   : state is oprand1
# EXECUTION:: Time: 110 ns,  Iteration: 1,  Instance: /tb/dataP/stateMachine,  Process: line__53.
# EXECUTION:: NOTE   : integer value is 3
# EXECUTION:: Time: 120 ns,  Iteration: 1,  Instance: /tb/dataP/it,  Process: line__18.
# EXECUTION:: NOTE   : state is oprand1
# EXECUTION:: Time: 120 ns,  Iteration: 1,  Instance: /tb/dataP/stateMachine,  Process: line__53.
# EXECUTION:: NOTE   : instructionCode 3
# EXECUTION:: Time: 120 ns,  Iteration: 1,  Instance: /tb/dataP/stateMachine,  Process: line__53.
# EXECUTION:: NOTE   : opSelect 24
# EXECUTION:: Time: 120 ns,  Iteration: 1,  Instance: /tb/dataP/stateMachine,  Process: line__53.
# EXECUTION:: NOTE   : state is oprator
# EXECUTION:: Time: 130 ns,  Iteration: 1,  Instance: /tb/dataP/stateMachine,  Process: line__53.
# EXECUTION:: NOTE   : integer value is 4
# EXECUTION:: Time: 140 ns,  Iteration: 1,  Instance: /tb/dataP/it,  Process: line__18.
# EXECUTION:: NOTE   : state is oprator
# EXECUTION:: Time: 140 ns,  Iteration: 1,  Instance: /tb/dataP/stateMachine,  Process: line__53.
# EXECUTION:: NOTE   : state is oprand2
# EXECUTION:: Time: 150 ns,  Iteration: 1,  Instance: /tb/dataP/stateMachine,  Process: line__53.
# EXECUTION:: NOTE   : integer value is 14
# EXECUTION:: Time: 160 ns,  Iteration: 1,  Instance: /tb/dataP/it,  Process: line__18.
# EXECUTION:: NOTE   : state is oprand2
# EXECUTION:: Time: 160 ns,  Iteration: 1,  Instance: /tb/dataP/stateMachine,  Process: line__53.
# EXECUTION:: NOTE   : state is oprand2
# EXECUTION:: Time: 170 ns,  Iteration: 1,  Instance: /tb/dataP/stateMachine,  Process: line__53.
# EXECUTION:: NOTE   : integer value is 14
# EXECUTION:: Time: 180 ns,  Iteration: 1,  Instance: /tb/dataP/it,  Process: line__18.
# EXECUTION:: NOTE   : state is oprand2
# EXECUTION:: Time: 180 ns,  Iteration: 1,  Instance: /tb/dataP/stateMachine,  Process: line__53.
# EXECUTION:: NOTE   : state is result
# EXECUTION:: Time: 190 ns,  Iteration: 1,  Instance: /tb/dataP/stateMachine,  Process: line__53.
# EXECUTION:: NOTE   : integer value is 14
# EXECUTION:: Time: 200 ns,  Iteration: 1,  Instance: /tb/dataP/it,  Process: line__18.
# EXECUTION:: NOTE   : state is result
# EXECUTION:: Time: 200 ns,  Iteration: 1,  Instance: /tb/dataP/stateMachine,  Process: line__53.
# KERNEL: stopped at time: 200 ns
run 100 ns
# EXECUTION:: NOTE   : state is result
# EXECUTION:: Time: 210 ns,  Iteration: 1,  Instance: /tb/dataP/stateMachine,  Process: line__53.
# EXECUTION:: NOTE   : integer value is 14
# EXECUTION:: Time: 220 ns,  Iteration: 1,  Instance: /tb/dataP/it,  Process: line__18.
# EXECUTION:: NOTE   : state is result
# EXECUTION:: Time: 220 ns,  Iteration: 1,  Instance: /tb/dataP/stateMachine,  Process: line__53.
# EXECUTION:: NOTE   : state is result
# EXECUTION:: Time: 230 ns,  Iteration: 1,  Instance: /tb/dataP/stateMachine,  Process: line__53.
# EXECUTION:: NOTE   : integer value is 14
# EXECUTION:: Time: 240 ns,  Iteration: 1,  Instance: /tb/dataP/it,  Process: line__18.
# EXECUTION:: NOTE   : state is result
# EXECUTION:: Time: 240 ns,  Iteration: 1,  Instance: /tb/dataP/stateMachine,  Process: line__53.
# EXECUTION:: NOTE   : state is result
# EXECUTION:: Time: 250 ns,  Iteration: 1,  Instance: /tb/dataP/stateMachine,  Process: line__53.
# EXECUTION:: NOTE   : integer value is 14
# EXECUTION:: Time: 260 ns,  Iteration: 1,  Instance: /tb/dataP/it,  Process: line__18.
# EXECUTION:: NOTE   : state is result
# EXECUTION:: Time: 260 ns,  Iteration: 1,  Instance: /tb/dataP/stateMachine,  Process: line__53.
# EXECUTION:: NOTE   : state is result
# EXECUTION:: Time: 270 ns,  Iteration: 1,  Instance: /tb/dataP/stateMachine,  Process: line__53.
# EXECUTION:: NOTE   : integer value is 14
# EXECUTION:: Time: 280 ns,  Iteration: 1,  Instance: /tb/dataP/it,  Process: line__18.
# EXECUTION:: NOTE   : state is result
# EXECUTION:: Time: 280 ns,  Iteration: 1,  Instance: /tb/dataP/stateMachine,  Process: line__53.
# EXECUTION:: NOTE   : state is result
# EXECUTION:: Time: 290 ns,  Iteration: 1,  Instance: /tb/dataP/stateMachine,  Process: line__53.
# EXECUTION:: NOTE   : integer value is 14
# EXECUTION:: Time: 300 ns,  Iteration: 1,  Instance: /tb/dataP/it,  Process: line__18.
# EXECUTION:: NOTE   : state is result
# EXECUTION:: Time: 300 ns,  Iteration: 1,  Instance: /tb/dataP/stateMachine,  Process: line__53.
# KERNEL: stopped at time: 300 ns
run 100 ns
# EXECUTION:: NOTE   : state is result
# EXECUTION:: Time: 310 ns,  Iteration: 1,  Instance: /tb/dataP/stateMachine,  Process: line__53.
# EXECUTION:: NOTE   : integer value is 14
# EXECUTION:: Time: 320 ns,  Iteration: 1,  Instance: /tb/dataP/it,  Process: line__18.
# EXECUTION:: NOTE   : state is result
# EXECUTION:: Time: 320 ns,  Iteration: 1,  Instance: /tb/dataP/stateMachine,  Process: line__53.
# EXECUTION:: NOTE   : state is result
# EXECUTION:: Time: 330 ns,  Iteration: 1,  Instance: /tb/dataP/stateMachine,  Process: line__53.
# EXECUTION:: NOTE   : integer value is 14
# EXECUTION:: Time: 340 ns,  Iteration: 1,  Instance: /tb/dataP/it,  Process: line__18.
# EXECUTION:: NOTE   : state is result
# EXECUTION:: Time: 340 ns,  Iteration: 1,  Instance: /tb/dataP/stateMachine,  Process: line__53.
# EXECUTION:: NOTE   : state is result
# EXECUTION:: Time: 350 ns,  Iteration: 1,  Instance: /tb/dataP/stateMachine,  Process: line__53.
# EXECUTION:: NOTE   : integer value is 14
# EXECUTION:: Time: 360 ns,  Iteration: 1,  Instance: /tb/dataP/it,  Process: line__18.
# EXECUTION:: NOTE   : state is result
# EXECUTION:: Time: 360 ns,  Iteration: 1,  Instance: /tb/dataP/stateMachine,  Process: line__53.
# EXECUTION:: NOTE   : state is result
# EXECUTION:: Time: 370 ns,  Iteration: 1,  Instance: /tb/dataP/stateMachine,  Process: line__53.
# EXECUTION:: NOTE   : integer value is 14
# EXECUTION:: Time: 380 ns,  Iteration: 1,  Instance: /tb/dataP/it,  Process: line__18.
# EXECUTION:: NOTE   : state is result
# EXECUTION:: Time: 380 ns,  Iteration: 1,  Instance: /tb/dataP/stateMachine,  Process: line__53.
# EXECUTION:: NOTE   : state is result
# EXECUTION:: Time: 390 ns,  Iteration: 1,  Instance: /tb/dataP/stateMachine,  Process: line__53.
# EXECUTION:: NOTE   : integer value is 14
# EXECUTION:: Time: 400 ns,  Iteration: 1,  Instance: /tb/dataP/it,  Process: line__18.
# EXECUTION:: NOTE   : state is result
# EXECUTION:: Time: 400 ns,  Iteration: 1,  Instance: /tb/dataP/stateMachine,  Process: line__53.
# KERNEL: stopped at time: 400 ns
run 100 ns
# EXECUTION:: NOTE   : state is result
# EXECUTION:: Time: 410 ns,  Iteration: 1,  Instance: /tb/dataP/stateMachine,  Process: line__53.
# EXECUTION:: NOTE   : integer value is 14
# EXECUTION:: Time: 420 ns,  Iteration: 1,  Instance: /tb/dataP/it,  Process: line__18.
# EXECUTION:: NOTE   : state is result
# EXECUTION:: Time: 420 ns,  Iteration: 1,  Instance: /tb/dataP/stateMachine,  Process: line__53.
# EXECUTION:: NOTE   : state is result
# EXECUTION:: Time: 430 ns,  Iteration: 1,  Instance: /tb/dataP/stateMachine,  Process: line__53.
# EXECUTION:: NOTE   : integer value is 14
# EXECUTION:: Time: 440 ns,  Iteration: 1,  Instance: /tb/dataP/it,  Process: line__18.
# EXECUTION:: NOTE   : state is result
# EXECUTION:: Time: 440 ns,  Iteration: 1,  Instance: /tb/dataP/stateMachine,  Process: line__53.
# EXECUTION:: NOTE   : state is result
# EXECUTION:: Time: 450 ns,  Iteration: 1,  Instance: /tb/dataP/stateMachine,  Process: line__53.
# EXECUTION:: NOTE   : integer value is 14
# EXECUTION:: Time: 460 ns,  Iteration: 1,  Instance: /tb/dataP/it,  Process: line__18.
# EXECUTION:: NOTE   : state is result
# EXECUTION:: Time: 460 ns,  Iteration: 1,  Instance: /tb/dataP/stateMachine,  Process: line__53.
# EXECUTION:: NOTE   : state is result
# EXECUTION:: Time: 470 ns,  Iteration: 1,  Instance: /tb/dataP/stateMachine,  Process: line__53.
# EXECUTION:: NOTE   : integer value is 14
# EXECUTION:: Time: 480 ns,  Iteration: 1,  Instance: /tb/dataP/it,  Process: line__18.
# EXECUTION:: NOTE   : state is result
# EXECUTION:: Time: 480 ns,  Iteration: 1,  Instance: /tb/dataP/stateMachine,  Process: line__53.
# EXECUTION:: NOTE   : state is result
# EXECUTION:: Time: 490 ns,  Iteration: 1,  Instance: /tb/dataP/stateMachine,  Process: line__53.
# EXECUTION:: NOTE   : integer value is 14
# EXECUTION:: Time: 500 ns,  Iteration: 1,  Instance: /tb/dataP/it,  Process: line__18.
# EXECUTION:: NOTE   : state is result
# EXECUTION:: Time: 500 ns,  Iteration: 1,  Instance: /tb/dataP/stateMachine,  Process: line__53.
# KERNEL: stopped at time: 500 ns
run 100 ns
# EXECUTION:: NOTE   : state is result
# EXECUTION:: Time: 510 ns,  Iteration: 1,  Instance: /tb/dataP/stateMachine,  Process: line__53.
# EXECUTION:: NOTE   : integer value is 14
# EXECUTION:: Time: 520 ns,  Iteration: 1,  Instance: /tb/dataP/it,  Process: line__18.
# EXECUTION:: NOTE   : state is result
# EXECUTION:: Time: 520 ns,  Iteration: 1,  Instance: /tb/dataP/stateMachine,  Process: line__53.
# EXECUTION:: NOTE   : state is result
# EXECUTION:: Time: 530 ns,  Iteration: 1,  Instance: /tb/dataP/stateMachine,  Process: line__53.
# EXECUTION:: NOTE   : integer value is 14
# EXECUTION:: Time: 540 ns,  Iteration: 1,  Instance: /tb/dataP/it,  Process: line__18.
# EXECUTION:: NOTE   : state is result
# EXECUTION:: Time: 540 ns,  Iteration: 1,  Instance: /tb/dataP/stateMachine,  Process: line__53.
# EXECUTION:: NOTE   : state is result
# EXECUTION:: Time: 550 ns,  Iteration: 1,  Instance: /tb/dataP/stateMachine,  Process: line__53.
# EXECUTION:: NOTE   : integer value is 14
# EXECUTION:: Time: 560 ns,  Iteration: 1,  Instance: /tb/dataP/it,  Process: line__18.
# EXECUTION:: NOTE   : state is result
# EXECUTION:: Time: 560 ns,  Iteration: 1,  Instance: /tb/dataP/stateMachine,  Process: line__53.
# EXECUTION:: NOTE   : state is result
# EXECUTION:: Time: 570 ns,  Iteration: 1,  Instance: /tb/dataP/stateMachine,  Process: line__53.
# EXECUTION:: NOTE   : integer value is 14
# EXECUTION:: Time: 580 ns,  Iteration: 1,  Instance: /tb/dataP/it,  Process: line__18.
# EXECUTION:: NOTE   : state is result
# EXECUTION:: Time: 580 ns,  Iteration: 1,  Instance: /tb/dataP/stateMachine,  Process: line__53.
# EXECUTION:: NOTE   : state is result
# EXECUTION:: Time: 590 ns,  Iteration: 1,  Instance: /tb/dataP/stateMachine,  Process: line__53.
# EXECUTION:: NOTE   : integer value is 14
# EXECUTION:: Time: 600 ns,  Iteration: 1,  Instance: /tb/dataP/it,  Process: line__18.
# EXECUTION:: NOTE   : state is result
# EXECUTION:: Time: 600 ns,  Iteration: 1,  Instance: /tb/dataP/stateMachine,  Process: line__53.
# KERNEL: stopped at time: 600 ns
run 100 ns
# EXECUTION:: NOTE   : state is result
# EXECUTION:: Time: 610 ns,  Iteration: 1,  Instance: /tb/dataP/stateMachine,  Process: line__53.
# EXECUTION:: NOTE   : integer value is 14
# EXECUTION:: Time: 620 ns,  Iteration: 1,  Instance: /tb/dataP/it,  Process: line__18.
# EXECUTION:: NOTE   : state is result
# EXECUTION:: Time: 620 ns,  Iteration: 1,  Instance: /tb/dataP/stateMachine,  Process: line__53.
# EXECUTION:: NOTE   : state is result
# EXECUTION:: Time: 630 ns,  Iteration: 1,  Instance: /tb/dataP/stateMachine,  Process: line__53.
# EXECUTION:: NOTE   : integer value is 14
# EXECUTION:: Time: 640 ns,  Iteration: 1,  Instance: /tb/dataP/it,  Process: line__18.
# EXECUTION:: NOTE   : state is result
# EXECUTION:: Time: 640 ns,  Iteration: 1,  Instance: /tb/dataP/stateMachine,  Process: line__53.
# EXECUTION:: NOTE   : state is result
# EXECUTION:: Time: 650 ns,  Iteration: 1,  Instance: /tb/dataP/stateMachine,  Process: line__53.
# EXECUTION:: NOTE   : integer value is 14
# EXECUTION:: Time: 660 ns,  Iteration: 1,  Instance: /tb/dataP/it,  Process: line__18.
# EXECUTION:: NOTE   : state is result
# EXECUTION:: Time: 660 ns,  Iteration: 1,  Instance: /tb/dataP/stateMachine,  Process: line__53.
# EXECUTION:: NOTE   : state is result
# EXECUTION:: Time: 670 ns,  Iteration: 1,  Instance: /tb/dataP/stateMachine,  Process: line__53.
# EXECUTION:: NOTE   : integer value is 14
# EXECUTION:: Time: 680 ns,  Iteration: 1,  Instance: /tb/dataP/it,  Process: line__18.
# EXECUTION:: NOTE   : state is result
# EXECUTION:: Time: 680 ns,  Iteration: 1,  Instance: /tb/dataP/stateMachine,  Process: line__53.
# EXECUTION:: NOTE   : state is result
# EXECUTION:: Time: 690 ns,  Iteration: 1,  Instance: /tb/dataP/stateMachine,  Process: line__53.
# EXECUTION:: NOTE   : integer value is 14
# EXECUTION:: Time: 700 ns,  Iteration: 1,  Instance: /tb/dataP/it,  Process: line__18.
# EXECUTION:: NOTE   : state is result
# EXECUTION:: Time: 700 ns,  Iteration: 1,  Instance: /tb/dataP/stateMachine,  Process: line__53.
# KERNEL: stopped at time: 700 ns
run 100 ns
# EXECUTION:: NOTE   : state is result
# EXECUTION:: Time: 710 ns,  Iteration: 1,  Instance: /tb/dataP/stateMachine,  Process: line__53.
# EXECUTION:: NOTE   : integer value is 14
# EXECUTION:: Time: 720 ns,  Iteration: 1,  Instance: /tb/dataP/it,  Process: line__18.
# EXECUTION:: NOTE   : state is result
# EXECUTION:: Time: 720 ns,  Iteration: 1,  Instance: /tb/dataP/stateMachine,  Process: line__53.
# EXECUTION:: NOTE   : state is result
# EXECUTION:: Time: 730 ns,  Iteration: 1,  Instance: /tb/dataP/stateMachine,  Process: line__53.
# EXECUTION:: NOTE   : integer value is 14
# EXECUTION:: Time: 740 ns,  Iteration: 1,  Instance: /tb/dataP/it,  Process: line__18.
# EXECUTION:: NOTE   : state is result
# EXECUTION:: Time: 740 ns,  Iteration: 1,  Instance: /tb/dataP/stateMachine,  Process: line__53.
# EXECUTION:: NOTE   : state is result
# EXECUTION:: Time: 750 ns,  Iteration: 1,  Instance: /tb/dataP/stateMachine,  Process: line__53.
# EXECUTION:: NOTE   : integer value is 14
# EXECUTION:: Time: 760 ns,  Iteration: 1,  Instance: /tb/dataP/it,  Process: line__18.
# EXECUTION:: NOTE   : state is result
# EXECUTION:: Time: 760 ns,  Iteration: 1,  Instance: /tb/dataP/stateMachine,  Process: line__53.
# EXECUTION:: NOTE   : state is result
# EXECUTION:: Time: 770 ns,  Iteration: 1,  Instance: /tb/dataP/stateMachine,  Process: line__53.
# EXECUTION:: NOTE   : integer value is 14
# EXECUTION:: Time: 780 ns,  Iteration: 1,  Instance: /tb/dataP/it,  Process: line__18.
# EXECUTION:: NOTE   : state is result
# EXECUTION:: Time: 780 ns,  Iteration: 1,  Instance: /tb/dataP/stateMachine,  Process: line__53.
# EXECUTION:: NOTE   : state is result
# EXECUTION:: Time: 790 ns,  Iteration: 1,  Instance: /tb/dataP/stateMachine,  Process: line__53.
# EXECUTION:: NOTE   : integer value is 14
# EXECUTION:: Time: 800 ns,  Iteration: 1,  Instance: /tb/dataP/it,  Process: line__18.
# EXECUTION:: NOTE   : state is result
# EXECUTION:: Time: 800 ns,  Iteration: 1,  Instance: /tb/dataP/stateMachine,  Process: line__53.
# KERNEL: stopped at time: 800 ns
run 100 ns
# EXECUTION:: NOTE   : state is result
# EXECUTION:: Time: 810 ns,  Iteration: 1,  Instance: /tb/dataP/stateMachine,  Process: line__53.
# EXECUTION:: NOTE   : integer value is 14
# EXECUTION:: Time: 820 ns,  Iteration: 1,  Instance: /tb/dataP/it,  Process: line__18.
# EXECUTION:: NOTE   : state is result
# EXECUTION:: Time: 820 ns,  Iteration: 1,  Instance: /tb/dataP/stateMachine,  Process: line__53.
# EXECUTION:: NOTE   : state is result
# EXECUTION:: Time: 830 ns,  Iteration: 1,  Instance: /tb/dataP/stateMachine,  Process: line__53.
# EXECUTION:: NOTE   : integer value is 14
# EXECUTION:: Time: 840 ns,  Iteration: 1,  Instance: /tb/dataP/it,  Process: line__18.
# EXECUTION:: NOTE   : state is result
# EXECUTION:: Time: 840 ns,  Iteration: 1,  Instance: /tb/dataP/stateMachine,  Process: line__53.
# EXECUTION:: NOTE   : state is result
# EXECUTION:: Time: 850 ns,  Iteration: 1,  Instance: /tb/dataP/stateMachine,  Process: line__53.
# EXECUTION:: NOTE   : integer value is 14
# EXECUTION:: Time: 860 ns,  Iteration: 1,  Instance: /tb/dataP/it,  Process: line__18.
# EXECUTION:: NOTE   : state is result
# EXECUTION:: Time: 860 ns,  Iteration: 1,  Instance: /tb/dataP/stateMachine,  Process: line__53.
# EXECUTION:: NOTE   : state is result
# EXECUTION:: Time: 870 ns,  Iteration: 1,  Instance: /tb/dataP/stateMachine,  Process: line__53.
# EXECUTION:: NOTE   : integer value is 14
# EXECUTION:: Time: 880 ns,  Iteration: 1,  Instance: /tb/dataP/it,  Process: line__18.
# EXECUTION:: NOTE   : state is result
# EXECUTION:: Time: 880 ns,  Iteration: 1,  Instance: /tb/dataP/stateMachine,  Process: line__53.
# EXECUTION:: NOTE   : state is result
# EXECUTION:: Time: 890 ns,  Iteration: 1,  Instance: /tb/dataP/stateMachine,  Process: line__53.
# EXECUTION:: NOTE   : integer value is 14
# EXECUTION:: Time: 900 ns,  Iteration: 1,  Instance: /tb/dataP/it,  Process: line__18.
# EXECUTION:: NOTE   : state is result
# EXECUTION:: Time: 900 ns,  Iteration: 1,  Instance: /tb/dataP/stateMachine,  Process: line__53.
# KERNEL: stopped at time: 900 ns
endsim
#  Simulation has been stopped
asim -O5 +access +r +m+tb tb tb
# ELBREAD: Elaboration process.
# ELBREAD: Elaboration time 0.0 [s].
# asim: Stack memory: 32MB
# asim: Retval memory: 32MB
# KERNEL: Main thread initiated.
# KERNEL: Kernel process initialization phase.
# KERNEL: Time resolution set to 1ps.
# ELAB2: Elaboration final pass...
# ELAB2: Create instances ...
# ELAB2: Create instances complete.
# SLP: Started
# SLP: Elaboration phase ...
# SLP: Elaboration phase ... skipped, nothing to simulate in SLP mode : 0.0 [s]
# SLP: Finished : 0.0 [s]
# ELAB2: Elaboration final pass complete - time: 0.0 [s].
# KERNEL: Kernel process initialization done.
# Allocation: Simulator allocated 6239 kB (elbread=1026 elab2=5114 kernel=97 sdf=0)
# KERNEL: ASDB file was created in location C:\Users\Amin\Desktop\calculator2\src\wave.asdb
#  8:27 PM, Wednesday, January 31, 2018
#  Simulation has been initialized
#  Selected Top-Level: tb (tb)
# Waveform file 'untitled.awc' connected to 'C:/Users/Amin/Desktop/calculator2/src/wave.asdb'.
# 4 signal(s) traced.
# 17 signal(s) traced.
run 100 ns
# EXECUTION:: NOTE   : state is rst
# EXECUTION:: Time: 0 ps,  Iteration: 0,  Instance: /tb/dataP/stateMachine,  Process: line__53.
# KERNEL: WARNING: There is an 'U'|'X'|'W'|'Z'|'-' in an arithmetic operand, the result will be 'X'(es).
# KERNEL: Time: 0 ps,  Iteration: 0,  Instance: /tb/dataP/mulModule,  Process: line__16.
# EXECUTION:: NOTE   : state is rst
# EXECUTION:: Time: 0 ps,  Iteration: 1,  Instance: /tb/dataP/stateMachine,  Process: line__53.
# EXECUTION:: NOTE   : state is rst
# EXECUTION:: Time: 10 ns,  Iteration: 1,  Instance: /tb/dataP/stateMachine,  Process: line__53.
# EXECUTION:: NOTE   : integer value is 2
# EXECUTION:: Time: 20 ns,  Iteration: 1,  Instance: /tb/dataP/it,  Process: line__18.
# EXECUTION:: NOTE   : state is rst
# EXECUTION:: Time: 20 ns,  Iteration: 1,  Instance: /tb/dataP/stateMachine,  Process: line__53.
# KERNEL: WARNING: There is an 'U'|'X'|'W'|'Z'|'-' in an arithmetic operand, the result will be 'X'(es).
# KERNEL: Time: 20 ns,  Iteration: 1,  Instance: /tb/dataP/stateMachine,  Process: line__53.
# EXECUTION:: NOTE   : state is rst
# EXECUTION:: Time: 30 ns,  Iteration: 1,  Instance: /tb/dataP/stateMachine,  Process: line__53.
# EXECUTION:: NOTE   : integer value is 1
# EXECUTION:: Time: 40 ns,  Iteration: 1,  Instance: /tb/dataP/it,  Process: line__18.
# EXECUTION:: NOTE   : state is rst
# EXECUTION:: Time: 40 ns,  Iteration: 1,  Instance: /tb/dataP/stateMachine,  Process: line__53.
# EXECUTION:: NOTE   : state is oprand1
# EXECUTION:: Time: 50 ns,  Iteration: 1,  Instance: /tb/dataP/stateMachine,  Process: line__53.
# EXECUTION:: NOTE   : integer value is 1
# EXECUTION:: Time: 60 ns,  Iteration: 1,  Instance: /tb/dataP/it,  Process: line__18.
# EXECUTION:: NOTE   : state is oprand1
# EXECUTION:: Time: 60 ns,  Iteration: 1,  Instance: /tb/dataP/stateMachine,  Process: line__53.
# EXECUTION:: NOTE   : data is 211
# EXECUTION:: Time: 60 ns,  Iteration: 1,  Instance: /tb/dataP/stateMachine,  Process: line__53.
# EXECUTION:: NOTE   : state is oprand1
# EXECUTION:: Time: 70 ns,  Iteration: 1,  Instance: /tb/dataP/stateMachine,  Process: line__53.
# EXECUTION:: NOTE   : integer value is 5
# EXECUTION:: Time: 80 ns,  Iteration: 1,  Instance: /tb/dataP/it,  Process: line__18.
# EXECUTION:: NOTE   : state is oprand1
# EXECUTION:: Time: 80 ns,  Iteration: 1,  Instance: /tb/dataP/stateMachine,  Process: line__53.
# EXECUTION:: NOTE   : data is 2111
# EXECUTION:: Time: 80 ns,  Iteration: 1,  Instance: /tb/dataP/stateMachine,  Process: line__53.
# EXECUTION:: NOTE   : state is oprand1
# EXECUTION:: Time: 90 ns,  Iteration: 1,  Instance: /tb/dataP/stateMachine,  Process: line__53.
# EXECUTION:: NOTE   : integer value is 11
# EXECUTION:: Time: 100 ns,  Iteration: 1,  Instance: /tb/dataP/it,  Process: line__18.
# EXECUTION:: NOTE   : state is oprand1
# EXECUTION:: Time: 100 ns,  Iteration: 1,  Instance: /tb/dataP/stateMachine,  Process: line__53.
# EXECUTION:: NOTE   : data is 21155
# EXECUTION:: Time: 100 ns,  Iteration: 1,  Instance: /tb/dataP/stateMachine,  Process: line__53.
# KERNEL: stopped at time: 100 ns
run 100 ns
# EXECUTION:: NOTE   : state is oprand1
# EXECUTION:: Time: 110 ns,  Iteration: 1,  Instance: /tb/dataP/stateMachine,  Process: line__53.
# EXECUTION:: NOTE   : integer value is 3
# EXECUTION:: Time: 120 ns,  Iteration: 1,  Instance: /tb/dataP/it,  Process: line__18.
# EXECUTION:: NOTE   : state is oprand1
# EXECUTION:: Time: 120 ns,  Iteration: 1,  Instance: /tb/dataP/stateMachine,  Process: line__53.
# EXECUTION:: NOTE   : instructionCode 3
# EXECUTION:: Time: 120 ns,  Iteration: 1,  Instance: /tb/dataP/stateMachine,  Process: line__53.
# EXECUTION:: NOTE   : opSelect 24
# EXECUTION:: Time: 120 ns,  Iteration: 1,  Instance: /tb/dataP/stateMachine,  Process: line__53.
# EXECUTION:: NOTE   : state is oprator
# EXECUTION:: Time: 130 ns,  Iteration: 1,  Instance: /tb/dataP/stateMachine,  Process: line__53.
# EXECUTION:: NOTE   : integer value is 4
# EXECUTION:: Time: 140 ns,  Iteration: 1,  Instance: /tb/dataP/it,  Process: line__18.
# EXECUTION:: NOTE   : state is oprator
# EXECUTION:: Time: 140 ns,  Iteration: 1,  Instance: /tb/dataP/stateMachine,  Process: line__53.
# EXECUTION:: NOTE   : state is oprand2
# EXECUTION:: Time: 150 ns,  Iteration: 1,  Instance: /tb/dataP/stateMachine,  Process: line__53.
# EXECUTION:: NOTE   : integer value is 14
# EXECUTION:: Time: 160 ns,  Iteration: 1,  Instance: /tb/dataP/it,  Process: line__18.
# EXECUTION:: NOTE   : state is oprand2
# EXECUTION:: Time: 160 ns,  Iteration: 1,  Instance: /tb/dataP/stateMachine,  Process: line__53.
# EXECUTION:: NOTE   : state is oprand2
# EXECUTION:: Time: 170 ns,  Iteration: 1,  Instance: /tb/dataP/stateMachine,  Process: line__53.
# EXECUTION:: NOTE   : integer value is 14
# EXECUTION:: Time: 180 ns,  Iteration: 1,  Instance: /tb/dataP/it,  Process: line__18.
# EXECUTION:: NOTE   : state is oprand2
# EXECUTION:: Time: 180 ns,  Iteration: 1,  Instance: /tb/dataP/stateMachine,  Process: line__53.
# EXECUTION:: NOTE   : state is result
# EXECUTION:: Time: 190 ns,  Iteration: 1,  Instance: /tb/dataP/stateMachine,  Process: line__53.
# EXECUTION:: NOTE   : integer value is 14
# EXECUTION:: Time: 200 ns,  Iteration: 1,  Instance: /tb/dataP/it,  Process: line__18.
# EXECUTION:: NOTE   : state is result
# EXECUTION:: Time: 200 ns,  Iteration: 1,  Instance: /tb/dataP/stateMachine,  Process: line__53.
# KERNEL: stopped at time: 200 ns
run 100 ns
# EXECUTION:: NOTE   : state is result
# EXECUTION:: Time: 210 ns,  Iteration: 1,  Instance: /tb/dataP/stateMachine,  Process: line__53.
# EXECUTION:: NOTE   : integer value is 14
# EXECUTION:: Time: 220 ns,  Iteration: 1,  Instance: /tb/dataP/it,  Process: line__18.
# EXECUTION:: NOTE   : state is result
# EXECUTION:: Time: 220 ns,  Iteration: 1,  Instance: /tb/dataP/stateMachine,  Process: line__53.
# EXECUTION:: NOTE   : state is result
# EXECUTION:: Time: 230 ns,  Iteration: 1,  Instance: /tb/dataP/stateMachine,  Process: line__53.
# EXECUTION:: NOTE   : integer value is 14
# EXECUTION:: Time: 240 ns,  Iteration: 1,  Instance: /tb/dataP/it,  Process: line__18.
# EXECUTION:: NOTE   : state is result
# EXECUTION:: Time: 240 ns,  Iteration: 1,  Instance: /tb/dataP/stateMachine,  Process: line__53.
# EXECUTION:: NOTE   : state is result
# EXECUTION:: Time: 250 ns,  Iteration: 1,  Instance: /tb/dataP/stateMachine,  Process: line__53.
# EXECUTION:: NOTE   : integer value is 14
# EXECUTION:: Time: 260 ns,  Iteration: 1,  Instance: /tb/dataP/it,  Process: line__18.
# EXECUTION:: NOTE   : state is result
# EXECUTION:: Time: 260 ns,  Iteration: 1,  Instance: /tb/dataP/stateMachine,  Process: line__53.
# EXECUTION:: NOTE   : state is result
# EXECUTION:: Time: 270 ns,  Iteration: 1,  Instance: /tb/dataP/stateMachine,  Process: line__53.
# EXECUTION:: NOTE   : integer value is 14
# EXECUTION:: Time: 280 ns,  Iteration: 1,  Instance: /tb/dataP/it,  Process: line__18.
# EXECUTION:: NOTE   : state is result
# EXECUTION:: Time: 280 ns,  Iteration: 1,  Instance: /tb/dataP/stateMachine,  Process: line__53.
# EXECUTION:: NOTE   : state is result
# EXECUTION:: Time: 290 ns,  Iteration: 1,  Instance: /tb/dataP/stateMachine,  Process: line__53.
# EXECUTION:: NOTE   : integer value is 14
# EXECUTION:: Time: 300 ns,  Iteration: 1,  Instance: /tb/dataP/it,  Process: line__18.
# EXECUTION:: NOTE   : state is result
# EXECUTION:: Time: 300 ns,  Iteration: 1,  Instance: /tb/dataP/stateMachine,  Process: line__53.
# KERNEL: stopped at time: 300 ns
run 100 ns
# EXECUTION:: NOTE   : state is result
# EXECUTION:: Time: 310 ns,  Iteration: 1,  Instance: /tb/dataP/stateMachine,  Process: line__53.
# EXECUTION:: NOTE   : integer value is 14
# EXECUTION:: Time: 320 ns,  Iteration: 1,  Instance: /tb/dataP/it,  Process: line__18.
# EXECUTION:: NOTE   : state is result
# EXECUTION:: Time: 320 ns,  Iteration: 1,  Instance: /tb/dataP/stateMachine,  Process: line__53.
# EXECUTION:: NOTE   : state is result
# EXECUTION:: Time: 330 ns,  Iteration: 1,  Instance: /tb/dataP/stateMachine,  Process: line__53.
# EXECUTION:: NOTE   : integer value is 14
# EXECUTION:: Time: 340 ns,  Iteration: 1,  Instance: /tb/dataP/it,  Process: line__18.
# EXECUTION:: NOTE   : state is result
# EXECUTION:: Time: 340 ns,  Iteration: 1,  Instance: /tb/dataP/stateMachine,  Process: line__53.
# EXECUTION:: NOTE   : state is result
# EXECUTION:: Time: 350 ns,  Iteration: 1,  Instance: /tb/dataP/stateMachine,  Process: line__53.
# EXECUTION:: NOTE   : integer value is 14
# EXECUTION:: Time: 360 ns,  Iteration: 1,  Instance: /tb/dataP/it,  Process: line__18.
# EXECUTION:: NOTE   : state is result
# EXECUTION:: Time: 360 ns,  Iteration: 1,  Instance: /tb/dataP/stateMachine,  Process: line__53.
# EXECUTION:: NOTE   : state is result
# EXECUTION:: Time: 370 ns,  Iteration: 1,  Instance: /tb/dataP/stateMachine,  Process: line__53.
# EXECUTION:: NOTE   : integer value is 14
# EXECUTION:: Time: 380 ns,  Iteration: 1,  Instance: /tb/dataP/it,  Process: line__18.
# EXECUTION:: NOTE   : state is result
# EXECUTION:: Time: 380 ns,  Iteration: 1,  Instance: /tb/dataP/stateMachine,  Process: line__53.
# EXECUTION:: NOTE   : state is result
# EXECUTION:: Time: 390 ns,  Iteration: 1,  Instance: /tb/dataP/stateMachine,  Process: line__53.
# EXECUTION:: NOTE   : integer value is 14
# EXECUTION:: Time: 400 ns,  Iteration: 1,  Instance: /tb/dataP/it,  Process: line__18.
# EXECUTION:: NOTE   : state is result
# EXECUTION:: Time: 400 ns,  Iteration: 1,  Instance: /tb/dataP/stateMachine,  Process: line__53.
# KERNEL: stopped at time: 400 ns
run 100 ns
# EXECUTION:: NOTE   : state is result
# EXECUTION:: Time: 410 ns,  Iteration: 1,  Instance: /tb/dataP/stateMachine,  Process: line__53.
# EXECUTION:: NOTE   : integer value is 14
# EXECUTION:: Time: 420 ns,  Iteration: 1,  Instance: /tb/dataP/it,  Process: line__18.
# EXECUTION:: NOTE   : state is result
# EXECUTION:: Time: 420 ns,  Iteration: 1,  Instance: /tb/dataP/stateMachine,  Process: line__53.
# EXECUTION:: NOTE   : state is result
# EXECUTION:: Time: 430 ns,  Iteration: 1,  Instance: /tb/dataP/stateMachine,  Process: line__53.
# EXECUTION:: NOTE   : integer value is 14
# EXECUTION:: Time: 440 ns,  Iteration: 1,  Instance: /tb/dataP/it,  Process: line__18.
# EXECUTION:: NOTE   : state is result
# EXECUTION:: Time: 440 ns,  Iteration: 1,  Instance: /tb/dataP/stateMachine,  Process: line__53.
# EXECUTION:: NOTE   : state is result
# EXECUTION:: Time: 450 ns,  Iteration: 1,  Instance: /tb/dataP/stateMachine,  Process: line__53.
# EXECUTION:: NOTE   : integer value is 14
# EXECUTION:: Time: 460 ns,  Iteration: 1,  Instance: /tb/dataP/it,  Process: line__18.
# EXECUTION:: NOTE   : state is result
# EXECUTION:: Time: 460 ns,  Iteration: 1,  Instance: /tb/dataP/stateMachine,  Process: line__53.
# EXECUTION:: NOTE   : state is result
# EXECUTION:: Time: 470 ns,  Iteration: 1,  Instance: /tb/dataP/stateMachine,  Process: line__53.
# EXECUTION:: NOTE   : integer value is 14
# EXECUTION:: Time: 480 ns,  Iteration: 1,  Instance: /tb/dataP/it,  Process: line__18.
# EXECUTION:: NOTE   : state is result
# EXECUTION:: Time: 480 ns,  Iteration: 1,  Instance: /tb/dataP/stateMachine,  Process: line__53.
# EXECUTION:: N