Active-HDL 10.1.3088.5434  2018-01-25 11:12:47 AM

Elaboration top modules:
Architecture                  tbbbb(tbb)


------------------------------------------------------------------------------------------------
Entity   | Architecture | Library    | Info | Compiler Version            | Compilation Options
------------------------------------------------------------------------------------------------
tbb      | tbbbb        | calculator |      | 10.1.3088.5434  (Windows64) | -O3
adder    | adder        | calculator |      | 10.1.3088.5434  (Windows64) | -O3
------------------------------------------------------------------------------------------------

------------------------------------------------------------------------------------------------
VHDL Package            | Library    | Info | Compiler Version            | Compilation Options
------------------------------------------------------------------------------------------------
standard                | std        |      |                             | <unavailable>
TEXTIO                  | std        |      | 10.1.3088.5434  (Windows64) |  -2008
std_logic_1164          | ieee       |      | 10.1.3088.5434  (Windows64) |  -2008
std_logic_arith         | ieee       |      | 10.1.3088.5434  (Windows64) | <unavailable>
STD_LOGIC_UNSIGNED      | ieee       |      | 10.1.3088.5434  (Windows64) | <unavailable>
------------------------------------------------------------------------------------------------

------------------------------------------------------------------------------------------------
Library                 | Comment
------------------------------------------------------------------------------------------------
calculator              | None
ieee                    | Standard IEEE packages library
std                     | Standard VHDL library
------------------------------------------------------------------------------------------------
